[08.11.2018 16:53:00] : ---Start Log---
[08.11.2018 16:53:00] : Info. Приложение запущено
[08.11.2018 16:53:00] : ERROR. Невозможно прочитать employee_list.conf. Ошибка: Файл 'D:\VSProjects\EmployeeList 2.0\EmployeeList 2.0\bin\Debug\employee_list.conf' не найден.
[08.11.2018 16:53:00] : Info. Файл конфигурации перезаписан в default
[08.11.2018 16:53:41] : Info. Выход из приложения
[08.11.2018 16:53:41] : ---End Log---
[08.11.2018 16:54:16] : ---Start Log---
[08.11.2018 16:54:16] : Info. Приложение запущено
[08.11.2018 16:54:16] : Info. Файл employee_list.conf прочитан
[08.11.2018 16:54:40] : Info. Файл List.dat успешно загружен
[08.11.2018 16:54:46] : Info. Компоненты формы сотрудников "FormEmpFire" инициализированы
[08.11.2018 16:54:46] : Info. Форма сотрудников "FormEmpFire" активирована
[08.11.2018 16:54:49] : Info. Cотрудник "Сидоров Владимир Владимирович" уволен
[08.11.2018 16:54:51] : Info. Форма сотрудников "FormEmpFire" закрыта
[08.11.2018 16:54:55] : Info. Сохранение изменений отклонено
[08.11.2018 16:54:55] : Info. Выход из приложения
[08.11.2018 16:54:55] : ---End Log---
[08.11.2018 16:55:07] : ---Start Log---
[08.11.2018 16:55:07] : Info. Приложение запущено
[08.11.2018 16:55:07] : Info. Файл employee_list.conf прочитан
[08.11.2018 16:55:10] : Info. Выход из приложения
[08.11.2018 16:55:10] : ---End Log---
